<?xml version="1.0" encoding="UTF-8"?>
<!-- Generated by org.testng.reporters.JUnitXMLReporter -->
<testsuite ignored="0" hostname="LAPTOP-28GKB0QD" failures="2" tests="8" name="List Quotes Test" time="8.01" errors="0" timestamp="2022-05-19T09:17:56 BST">
  <testcase classname="com.hmh.apitesting.testcases.QuotesTest" name="TC001_HappyPath_listQuotesAPI" time="2.41"/>
  <testcase classname="com.hmh.apitesting.testcases.QuotesTest" name="TC002_InvalidInputToken_listQuotesAPI" time="0.627"/>
  <testcase classname="com.hmh.apitesting.testcases.QuotesTest" name="TC003_listQuotesByTypeHead" time="1.99"/>
  <testcase classname="com.hmh.apitesting.testcases.QuotesTest" name="TC004_Filter_listQuotesByAuthor" time="0.559"/>
  <testcase classname="com.hmh.apitesting.testcases.QuotesTest" name="TC005_listQuotesOtherStatusCodeValidation" time="0.351"/>
  <testcase classname="com.hmh.apitesting.testcases.QuotesTest" name="TC006_listQuotesWithValidParameters" time="0.547"/>
  <testcase classname="com.hmh.apitesting.testcases.QuotesTest" name="TC007_listQuotesWithInValidParameters" time="0.584">
    <failure type="java.lang.AssertionError" message="Author not matching expected [Mark Twain] but found [Mike Krzyzewski]">
      <![CDATA[java.lang.AssertionError: Author not matching expected [Mark Twain] but found [Mike Krzyzewski]
at com.hmh.apitesting.testcases.QuotesTest.TC007_listQuotesWithInValidParameters(QuotesTest.java:149)
at java.base/java.util.ArrayList.forEach(ArrayList.java:1511)
... Removed 32 stack frames]]>
    </failure>
  </testcase> <!-- TC007_listQuotesWithInValidParameters -->
  <testcase classname="com.hmh.apitesting.testcases.QuotesTest" name="TC008_FavouriteQuoteRequest" time="0.903">
    <failure type="java.lang.AssertionError" message="Status Code Error expected [200] but found [404]">
      <![CDATA[java.lang.AssertionError: Status Code Error expected [200] but found [404]
at com.hmh.apitesting.testcases.QuotesTest.TC008_FavouriteQuoteRequest(QuotesTest.java:176)
at java.base/java.util.ArrayList.forEach(ArrayList.java:1511)
... Removed 32 stack frames]]>
    </failure>
  </testcase> <!-- TC008_FavouriteQuoteRequest -->
</testsuite> <!-- List Quotes Test -->
