<?xml version="1.0" encoding="UTF-8"?>
<!-- Generated by org.testng.reporters.JUnitXMLReporter -->
<testsuite ignored="7" hostname="LAPTOP-28GKB0QD" failures="1" tests="1" name="Default test" time="2.427" errors="0" timestamp="2022-05-19T08:55:55 BST">
  <testcase classname="com.hmh.apitesting.testcases.QuotesTest" name="TC008_FavouriteQuoteRequest" time="2.397">
    <failure type="java.lang.AssertionError" message="Status Code Error expected [200] but found [404]">
      <![CDATA[java.lang.AssertionError: Status Code Error expected [200] but found [404]
at org.testng.Assert.fail(Assert.java:99)
at org.testng.Assert.failNotEquals(Assert.java:1037)
at org.testng.Assert.assertEqualsImpl(Assert.java:140)
at org.testng.Assert.assertEquals(Assert.java:122)
at org.testng.Assert.assertEquals(Assert.java:907)
at com.hmh.apitesting.testcases.QuotesTest.TC008_FavouriteQuoteRequest(QuotesTest.java:176)
at java.base/jdk.internal.reflect.NativeMethodAccessorImpl.invoke0(Native Method)
at java.base/jdk.internal.reflect.NativeMethodAccessorImpl.invoke(NativeMethodAccessorImpl.java:78)
at java.base/jdk.internal.reflect.DelegatingMethodAccessorImpl.invoke(DelegatingMethodAccessorImpl.java:43)
at java.base/java.lang.reflect.Method.invoke(Method.java:567)
at org.testng.internal.MethodInvocationHelper.invokeMethod(MethodInvocationHelper.java:133)
at org.testng.internal.TestInvoker.invokeMethod(TestInvoker.java:598)
at org.testng.internal.TestInvoker.invokeTestMethod(TestInvoker.java:173)
at org.testng.internal.MethodRunner.runInSequence(MethodRunner.java:46)
at org.testng.internal.TestInvoker$MethodInvocationAgent.invoke(TestInvoker.java:824)
at org.testng.internal.TestInvoker.invokeTestMethods(TestInvoker.java:146)
at org.testng.internal.TestMethodWorker.invokeTestMethods(TestMethodWorker.java:146)
at org.testng.internal.TestMethodWorker.run(TestMethodWorker.java:128)
at java.base/java.util.ArrayList.forEach(ArrayList.java:1511)
at org.testng.TestRunner.privateRun(TestRunner.java:794)
at org.testng.TestRunner.run(TestRunner.java:596)
at org.testng.SuiteRunner.runTest(SuiteRunner.java:377)
at org.testng.SuiteRunner.runSequentially(SuiteRunner.java:371)
at org.testng.SuiteRunner.privateRun(SuiteRunner.java:332)
at org.testng.SuiteRunner.run(SuiteRunner.java:276)
at org.testng.SuiteRunnerWorker.runSuite(SuiteRunnerWorker.java:53)
at org.testng.SuiteRunnerWorker.run(SuiteRunnerWorker.java:96)
at org.testng.TestNG.runSuitesSequentially(TestNG.java:1212)
at org.testng.TestNG.runSuitesLocally(TestNG.java:1134)
at org.testng.TestNG.runSuites(TestNG.java:1063)
at org.testng.TestNG.run(TestNG.java:1031)
at org.testng.remote.AbstractRemoteTestNG.run(AbstractRemoteTestNG.java:115)
at org.testng.remote.RemoteTestNG.initAndRun(RemoteTestNG.java:251)
at org.testng.remote.RemoteTestNG.main(RemoteTestNG.java:77)
]]>
    </failure>
  </testcase> <!-- TC008_FavouriteQuoteRequest -->
  <testcase classname="com.hmh.apitesting.testcases.QuotesTest" name="TC005_listQuotesOtherStatusCodeValidation" time="0.0">
    <ignored/>
  </testcase> <!-- TC005_listQuotesOtherStatusCodeValidation -->
  <testcase classname="com.hmh.apitesting.testcases.QuotesTest" name="TC003_listQuotesByTypeHead" time="0.0">
    <ignored/>
  </testcase> <!-- TC003_listQuotesByTypeHead -->
  <testcase classname="com.hmh.apitesting.testcases.QuotesTest" name="TC001_HappyPath_listQuotesAPI" time="0.0">
    <ignored/>
  </testcase> <!-- TC001_HappyPath_listQuotesAPI -->
  <testcase classname="com.hmh.apitesting.testcases.QuotesTest" name="TC007_listQuotesWithInValidParameters" time="0.0">
    <ignored/>
  </testcase> <!-- TC007_listQuotesWithInValidParameters -->
  <testcase classname="com.hmh.apitesting.testcases.QuotesTest" name="TC002_InvalidInputToken_listQuotesAPI" time="0.0">
    <ignored/>
  </testcase> <!-- TC002_InvalidInputToken_listQuotesAPI -->
  <testcase classname="com.hmh.apitesting.testcases.QuotesTest" name="TC004_Filter_listQuotesByAuthor" time="0.0">
    <ignored/>
  </testcase> <!-- TC004_Filter_listQuotesByAuthor -->
  <testcase classname="com.hmh.apitesting.testcases.QuotesTest" name="TC006_listQuotesWithValidParameters" time="0.0">
    <ignored/>
  </testcase> <!-- TC006_listQuotesWithValidParameters -->
</testsuite> <!-- Default test -->
